<?xml version="1.0" encoding="UTF-8"?>
<testng-results skipped="0" failed="0" total="1" passed="1">
  <reporter-output>
    <line>
      <![CDATA[Pass:Err Msg is Displayed]]>
    </line>
  </reporter-output>
  <suite name="Default suite" duration-ms="6078" started-at="2017-12-26T06:21:33Z" finished-at="2017-12-26T06:21:39Z">
    <groups>
      <group name="login">
        <method signature="InvalidLogin.testInvalidLogin()[pri:2, instance:script.InvalidLogin@7f9a81e8]" name="testInvalidLogin" class="script.InvalidLogin"/>
      </group> <!-- login -->
    </groups>
    <test name="Default test" duration-ms="6078" started-at="2017-12-26T06:21:33Z" finished-at="2017-12-26T06:21:39Z">
      <class name="script.InvalidLogin">
        <test-method status="PASS" signature="openApp(java.lang.String)[pri:0, instance:script.InvalidLogin@7f9a81e8]" name="openApp" is-config="true" duration-ms="3899" started-at="2017-12-25T22:21:33Z" finished-at="2017-12-25T22:21:37Z">
          <params>
            <param index="0">
              <value>
                <![CDATA[chrome]]>
              </value>
            </param>
          </params>
          <reporter-output>
          </reporter-output>
        </test-method> <!-- openApp -->
        <test-method status="PASS" signature="testInvalidLogin()[pri:2, instance:script.InvalidLogin@7f9a81e8]" name="testInvalidLogin" duration-ms="1469" started-at="2017-12-25T22:21:37Z" finished-at="2017-12-25T22:21:38Z">
          <reporter-output>
            <line>
              <![CDATA[Pass:Err Msg is Displayed]]>
            </line>
          </reporter-output>
        </test-method> <!-- testInvalidLogin -->
        <test-method status="PASS" signature="closeApp(org.testng.ITestResult)[pri:0, instance:script.InvalidLogin@7f9a81e8]" name="closeApp" is-config="true" duration-ms="690" started-at="2017-12-25T22:21:38Z" finished-at="2017-12-25T22:21:39Z">
          <params>
            <param index="0">
              <value>
                <![CDATA[[TestResult name=testInvalidLogin status=SUCCESS method=InvalidLogin.testInvalidLogin()[pri:2, instance:script.InvalidLogin@7f9a81e8] output=Pass:Err Msg is Displayed]]]>
              </value>
            </param>
          </params>
          <reporter-output>
          </reporter-output>
        </test-method> <!-- closeApp -->
      </class> <!-- script.InvalidLogin -->
    </test> <!-- Default test -->
  </suite> <!-- Default suite -->
</testng-results>
