<?xml version="1.0" encoding="UTF-8"?>
<testng-results skipped="0" failed="0" total="1" passed="1">
  <reporter-output>
    <line>
      <![CDATA[PASS: Home Page is Displayed]]>
    </line>
  </reporter-output>
  <suite name="Default suite" duration-ms="9296" started-at="2017-12-26T06:00:20Z" finished-at="2017-12-26T06:00:29Z">
    <groups>
      <group name="smoke">
        <method signature="ValidLogin.testValidLogin()[pri:1, instance:script.ValidLogin@7f9a81e8]" name="testValidLogin" class="script.ValidLogin"/>
      </group> <!-- smoke -->
      <group name="login">
        <method signature="ValidLogin.testValidLogin()[pri:1, instance:script.ValidLogin@7f9a81e8]" name="testValidLogin" class="script.ValidLogin"/>
      </group> <!-- login -->
    </groups>
    <test name="Default test" duration-ms="9296" started-at="2017-12-26T06:00:20Z" finished-at="2017-12-26T06:00:29Z">
      <class name="script.ValidLogin">
        <test-method status="PASS" signature="openApp(java.lang.String)[pri:0, instance:script.ValidLogin@7f9a81e8]" name="openApp" is-config="true" duration-ms="5947" started-at="2017-12-25T22:00:20Z" finished-at="2017-12-25T22:00:26Z">
          <params>
            <param index="0">
              <value>
                <![CDATA[chrome]]>
              </value>
            </param>
          </params>
          <reporter-output>
          </reporter-output>
        </test-method> <!-- openApp -->
        <test-method status="PASS" signature="testValidLogin()[pri:1, instance:script.ValidLogin@7f9a81e8]" name="testValidLogin" duration-ms="2638" started-at="2017-12-25T22:00:26Z" finished-at="2017-12-25T22:00:28Z">
          <reporter-output>
            <line>
              <![CDATA[PASS: Home Page is Displayed]]>
            </line>
          </reporter-output>
        </test-method> <!-- testValidLogin -->
        <test-method status="PASS" signature="closeApp(org.testng.ITestResult)[pri:0, instance:script.ValidLogin@7f9a81e8]" name="closeApp" is-config="true" duration-ms="685" started-at="2017-12-25T22:00:28Z" finished-at="2017-12-25T22:00:29Z">
          <params>
            <param index="0">
              <value>
                <![CDATA[[TestResult name=testValidLogin status=SUCCESS method=ValidLogin.testValidLogin()[pri:1, instance:script.ValidLogin@7f9a81e8] output=PASS: Home Page is Displayed]]]>
              </value>
            </param>
          </params>
          <reporter-output>
          </reporter-output>
        </test-method> <!-- closeApp -->
      </class> <!-- script.ValidLogin -->
    </test> <!-- Default test -->
  </suite> <!-- Default suite -->
</testng-results>
