<?xml version="1.0" encoding="UTF-8"?>
<testng-results skipped="0" failed="0" total="2" passed="2">
  <reporter-output>
    <line>
      <![CDATA[Pass:Err Msg is Displayed]]>
    </line>
    <line>
      <![CDATA[Pass:Err Msg is Displayed]]>
    </line>
    <line>
      <![CDATA[Pass:Err Msg is Displayed]]>
    </line>
    <line>
      <![CDATA[Pass:Err Msg is Displayed]]>
    </line>
    <line>
      <![CDATA[Pass:Err Msg is Displayed]]>
    </line>
    <line>
      <![CDATA[PASS: Home Page is Displayed]]>
    </line>
  </reporter-output>
  <suite name="Suite" duration-ms="16792" started-at="2017-12-27T04:01:51Z" finished-at="2017-12-27T04:02:08Z">
    <groups>
      <group name="smoke">
        <method signature="ValidLogin.testValidLogin()[pri:1, instance:script.ValidLogin@2a5ca609]" name="testValidLogin" class="script.ValidLogin"/>
      </group> <!-- smoke -->
      <group name="login">
        <method signature="InvalidLogin.testInvalidLogin()[pri:2, instance:script.InvalidLogin@2a2d45ba]" name="testInvalidLogin" class="script.InvalidLogin"/>
        <method signature="ValidLogin.testValidLogin()[pri:1, instance:script.ValidLogin@2a5ca609]" name="testValidLogin" class="script.ValidLogin"/>
      </group> <!-- login -->
    </groups>
    <test name="Win7GC" duration-ms="16792" started-at="2017-12-27T04:01:51Z" finished-at="2017-12-27T04:02:08Z">
      <class name="script.InvalidLogin">
        <test-method status="PASS" signature="openApp(java.lang.String)[pri:0, instance:script.InvalidLogin@2a2d45ba]" name="openApp" is-config="true" duration-ms="3764" started-at="2017-12-26T20:01:51Z" finished-at="2017-12-26T20:01:55Z">
          <params>
            <param index="0">
              <value>
                <![CDATA[chrome]]>
              </value>
            </param>
          </params>
          <reporter-output>
          </reporter-output>
        </test-method> <!-- openApp -->
        <test-method status="PASS" signature="testInvalidLogin()[pri:2, instance:script.InvalidLogin@2a2d45ba]" name="testInvalidLogin" duration-ms="7040" started-at="2017-12-26T20:01:55Z" finished-at="2017-12-26T20:02:02Z">
          <reporter-output>
            <line>
              <![CDATA[Pass:Err Msg is Displayed]]>
            </line>
            <line>
              <![CDATA[Pass:Err Msg is Displayed]]>
            </line>
            <line>
              <![CDATA[Pass:Err Msg is Displayed]]>
            </line>
            <line>
              <![CDATA[Pass:Err Msg is Displayed]]>
            </line>
            <line>
              <![CDATA[Pass:Err Msg is Displayed]]>
            </line>
          </reporter-output>
        </test-method> <!-- testInvalidLogin -->
        <test-method status="PASS" signature="closeApp(org.testng.ITestResult)[pri:0, instance:script.InvalidLogin@2a2d45ba]" name="closeApp" is-config="true" duration-ms="712" started-at="2017-12-26T20:02:02Z" finished-at="2017-12-26T20:02:03Z">
          <params>
            <param index="0">
              <value>
                <![CDATA[[TestResult name=testInvalidLogin status=SUCCESS method=InvalidLogin.testInvalidLogin()[pri:2, instance:script.InvalidLogin@2a2d45ba] output=Pass:Err Msg is Displayed]]]>
              </value>
            </param>
          </params>
          <reporter-output>
          </reporter-output>
        </test-method> <!-- closeApp -->
      </class> <!-- script.InvalidLogin -->
      <class name="script.ValidLogin">
        <test-method status="PASS" signature="openApp(java.lang.String)[pri:0, instance:script.ValidLogin@2a5ca609]" name="openApp" is-config="true" duration-ms="2925" started-at="2017-12-26T20:02:03Z" finished-at="2017-12-26T20:02:06Z">
          <params>
            <param index="0">
              <value>
                <![CDATA[chrome]]>
              </value>
            </param>
          </params>
          <reporter-output>
          </reporter-output>
        </test-method> <!-- openApp -->
        <test-method status="PASS" signature="testValidLogin()[pri:1, instance:script.ValidLogin@2a5ca609]" name="testValidLogin" duration-ms="1618" started-at="2017-12-26T20:02:06Z" finished-at="2017-12-26T20:02:07Z">
          <reporter-output>
            <line>
              <![CDATA[PASS: Home Page is Displayed]]>
            </line>
          </reporter-output>
        </test-method> <!-- testValidLogin -->
        <test-method status="PASS" signature="closeApp(org.testng.ITestResult)[pri:0, instance:script.ValidLogin@2a5ca609]" name="closeApp" is-config="true" duration-ms="715" started-at="2017-12-26T20:02:07Z" finished-at="2017-12-26T20:02:08Z">
          <params>
            <param index="0">
              <value>
                <![CDATA[[TestResult name=testValidLogin status=SUCCESS method=ValidLogin.testValidLogin()[pri:1, instance:script.ValidLogin@2a5ca609] output=PASS: Home Page is Displayed]]]>
              </value>
            </param>
          </params>
          <reporter-output>
          </reporter-output>
        </test-method> <!-- closeApp -->
      </class> <!-- script.ValidLogin -->
    </test> <!-- Win7GC -->
  </suite> <!-- Suite -->
</testng-results>
